<b>Error:</b> [2] include_once(/home/jinsong/Documents/doc/project/speek/Speek/Core/Smarty_Internal_Data.class.php): failed to open stream: No such file or directory 
Error:[2] - include_once(/home/jinsong/Documents/doc/project/speek/Speek/Core/Smarty_Internal_Data.class.php): failed to open stream: No such file or directory 
Error:[2] - include_once(/home/jinsong/Documents/doc/project/speek/Speek/Core/Smarty_Internal_Data.class.php): failed to open stream: No such file or directory 
Error:[2] - include_once(): Failed opening '/home/jinsong/Documents/doc/project/speek/Speek/Core/Smarty_Internal_Data.class.php' for inclusion (include_path='.:/usr/share/pear:/usr/share/php') 
Error:[8] - Undefined index: PATH_INFO 
Error:[2] - include_once(/home/jinsong/Documents/doc/project/speek/Speek/Core/Smarty_Internal_Data.class.php): failed to open stream: No such file or directory 
Error:[2] - include_once(): Failed opening '/home/jinsong/Documents/doc/project/speek/Speek/Core/Smarty_Internal_Data.class.php' for inclusion (include_path='.:/usr/share/pear:/usr/share/php') 
Error:[8] - Undefined index: PATH_INFO 
Error:[2] - include_once(/home/jinsong/Documents/doc/project/speek/Speek/Core/Smarty_Internal_Data.class.php): failed to open stream: No such file or directory 
Error:[2] - include_once(): Failed opening '/home/jinsong/Documents/doc/project/speek/Speek/Core/Smarty_Internal_Data.class.php' for inclusion (include_path='.:/usr/share/pear:/usr/share/php') 
Error:[8] - Undefined index: PATH_INFO 
Error:[2] - include_once(/home/jinsong/Documents/doc/project/speek/Speek/Core/Smarty_Internal_Data.class.php): failed to open stream: No such file or directory 
Error:[2] - include_once(): Failed opening '/home/jinsong/Documents/doc/project/speek/Speek/Core/Smarty_Internal_Data.class.php' for inclusion (include_path='.:/usr/share/pear:/usr/share/php') 
Error:[8] - Undefined index: PATH_INFO 
Error:[2] - include_once(/home/jinsong/Documents/doc/project/speek/Speek/Core/Smarty_Internal_Data.class.php): failed to open stream: No such file or directory 
Error:[2] - include_once(): Failed opening '/home/jinsong/Documents/doc/project/speek/Speek/Core/Smarty_Internal_Data.class.php' for inclusion (include_path='.:/usr/share/pear:/usr/share/php') 
Error:[8] - Undefined index: PATH_INFO 
Error:[2] - include_once(/home/jinsong/Documents/doc/project/speek/Speek/Core/Smarty_Internal_Data.class.php): failed to open stream: No such file or directory 
Error:[2] - include_once(): Failed opening '/home/jinsong/Documents/doc/project/speek/Speek/Core/Smarty_Internal_Data.class.php' for inclusion (include_path='.:/usr/share/pear:/usr/share/php') 
Error:[8] - Undefined index: PATH_INFO 
Error:[2] - include_once(/home/jinsong/Documents/doc/project/speek/Speek/Core/Smarty_Internal_Data.class.php): failed to open stream: No such file or directory 
Error:[2] - include_once(): Failed opening '/home/jinsong/Documents/doc/project/speek/Speek/Core/Smarty_Internal_Data.class.php' for inclusion (include_path='.:/usr/share/pear:/usr/share/php') 
Error:[8] - Undefined index: PATH_INFO 
Error:[2] - include_once(/home/jinsong/Documents/doc/project/speek/Speek/Core/Smarty_Internal_Data.class.php): failed to open stream: No such file or directory 
Error:[2] - include_once(): Failed opening '/home/jinsong/Documents/doc/project/speek/Speek/Core/Smarty_Internal_Data.class.php' for inclusion (include_path='.:/usr/share/pear:/usr/share/php') 
Error:[8] - Undefined index: PATH_INFO 
Error:[2] - include_once(/home/jinsong/Documents/doc/project/speek/Speek/Core/Smarty_Internal_Data.class.php): failed to open stream: No such file or directory 
Error:[2] - include_once(): Failed opening '/home/jinsong/Documents/doc/project/speek/Speek/Core/Smarty_Internal_Data.class.php' for inclusion (include_path='.:/usr/share/pear:/usr/share/php') 
Error:[8] - Undefined index: PATH_INFO 
Error:[2] - include_once(/home/jinsong/Documents/doc/project/speek/Speek/Core/Smarty_Internal_Data.class.php): failed to open stream: No such file or directory 
Error:[2] - include_once(): Failed opening '/home/jinsong/Documents/doc/project/speek/Speek/Core/Smarty_Internal_Data.class.php' for inclusion (include_path='.:/usr/share/pear:/usr/share/php') 
Error:[8] - Undefined index: PATH_INFO 
Error:[2] - include_once(/home/jinsong/Documents/doc/project/speek/Speek/Core/Smarty_Internal_Data.class.php): failed to open stream: No such file or directory 
Error:[2] - include_once(): Failed opening '/home/jinsong/Documents/doc/project/speek/Speek/Core/Smarty_Internal_Data.class.php' for inclusion (include_path='.:/usr/share/pear:/usr/share/php') 
Error:[8] - Undefined index: PATH_INFO 
Error:[2] - include_once(/home/jinsong/Documents/doc/project/speek/Speek/Core/Smarty_Internal_Data.class.php): failed to open stream: No such file or directory 
Error:[2] - include_once(): Failed opening '/home/jinsong/Documents/doc/project/speek/Speek/Core/Smarty_Internal_Data.class.php' for inclusion (include_path='.:/usr/share/pear:/usr/share/php') 
Error:[8] - Undefined index: PATH_INFO 
Error:[2] - include_once(/home/jinsong/Documents/doc/project/speek/Speek/Core/Smarty_Internal_Data.class.php): failed to open stream: No such file or directory 
Error:[2] - include_once(): Failed opening '/home/jinsong/Documents/doc/project/speek/Speek/Core/Smarty_Internal_Data.class.php' for inclusion (include_path='.:/usr/share/pear:/usr/share/php') 
Error:[8] - Undefined index: PATH_INFO 
Error:[2] - include_once(/home/jinsong/Documents/doc/project/speek/Speek/Core/Smarty_Internal_Data.class.php): failed to open stream: No such file or directory 
Error:[2] - include_once(): Failed opening '/home/jinsong/Documents/doc/project/speek/Speek/Core/Smarty_Internal_Data.class.php' for inclusion (include_path='.:/usr/share/pear:/usr/share/php') 
Error:[8] - Undefined index: PATH_INFO 
Error:[2] - include_once(/home/jinsong/Documents/doc/project/speek/Speek/Core/Smarty_Internal_Data.class.php): failed to open stream: No such file or directory 
Error:[2] - include_once(): Failed opening '/home/jinsong/Documents/doc/project/speek/Speek/Core/Smarty_Internal_Data.class.php' for inclusion (include_path='.:/usr/share/pear:/usr/share/php') 
Error:[8] - Undefined index: PATH_INFO 
Error:[2] - include_once(/home/jinsong/Documents/doc/project/speek/Speek/Core/Smarty_Internal_Data.class.php): failed to open stream: No such file or directory 
Error:[2] - include_once(): Failed opening '/home/jinsong/Documents/doc/project/speek/Speek/Core/Smarty_Internal_Data.class.php' for inclusion (include_path='.:/usr/share/pear:/usr/share/php') 
Error:[8] - Undefined index: PATH_INFO 
Error:[2] - include_once(/home/jinsong/Documents/doc/project/speek/Speek/Core/Smarty_Internal_Data.class.php): failed to open stream: No such file or directory 
Error:[2] - include_once(): Failed opening '/home/jinsong/Documents/doc/project/speek/Speek/Core/Smarty_Internal_Data.class.php' for inclusion (include_path='.:/usr/share/pear:/usr/share/php') 
Error:[8] - Undefined index: PATH_INFO 
Error:[2] - include_once(/home/jinsong/Documents/doc/project/speek/Speek/Core/Smarty_Internal_Data.class.php): failed to open stream: No such file or directory 
Error:[2] - include_once(): Failed opening '/home/jinsong/Documents/doc/project/speek/Speek/Core/Smarty_Internal_Data.class.php' for inclusion (include_path='.:/usr/share/pear:/usr/share/php') 
Error:[8] - Undefined index: PATH_INFO 
Error:[2] - include_once(/home/jinsong/Documents/doc/project/speek/Speek/Core/Smarty_Internal_Data.class.php): failed to open stream: No such file or directory 
Error:[2] - include_once(): Failed opening '/home/jinsong/Documents/doc/project/speek/Speek/Core/Smarty_Internal_Data.class.php' for inclusion (include_path='.:/usr/share/pear:/usr/share/php') 
Error:[8] - Undefined index: PATH_INFO 
Error:[2] - include_once(/home/jinsong/Documents/doc/project/speek/Speek/Core/Smarty_Internal_Data.class.php): failed to open stream: No such file or directory 
Error:[2] - include_once(): Failed opening '/home/jinsong/Documents/doc/project/speek/Speek/Core/Smarty_Internal_Data.class.php' for inclusion (include_path='.:/usr/share/pear:/usr/share/php') 
Error:[8] - Undefined index: PATH_INFO 
Error:[8] - Undefined index: PATH_INFO 
Error:[8] - Undefined index: PATH_INFO 
Error:[8] - Undefined index: PATH_INFO 
Error:[8] - Undefined index: PATH_INFO 
Error:[8] - Undefined index: PATH_INFO 
Error:[8] - Undefined index: PATH_INFO 
Error:[8] - Undefined index: PATH_INFO 
Error:[8] - Undefined index: PATH_INFO 
Error:[8] - Undefined index: PATH_INFO 
Error:[8] - Undefined index: PATH_INFO 
Error:[8] - Undefined index: PATH_INFO 
Error:[2] - include_once(/home/jinsong/Documents/doc/project/speek/Speek/Core/IndexC.class.php): failed to open stream: No such file or directory 
Error:[2] - include_once(): Failed opening '/home/jinsong/Documents/doc/project/speek/Speek/Core/IndexC.class.php' for inclusion (include_path='.:/usr/share/pear:/usr/share/php') 
